2022-01-05 11:11:31 0 [Note] InnoDB: Mutexes and rw_locks use Windows interlocked functions
2022-01-05 11:11:31 0 [Note] InnoDB: Uses event mutexes
2022-01-05 11:11:31 0 [Note] InnoDB: Compressed tables use zlib 1.2.11
2022-01-05 11:11:31 0 [Note] InnoDB: Number of pools: 1
2022-01-05 11:11:31 0 [Note] InnoDB: Using SSE2 crc32 instructions
2022-01-05 11:11:31 0 [Note] InnoDB: Initializing buffer pool, total size = 16M, instances = 1, chunk size = 16M
2022-01-05 11:11:31 0 [Note] InnoDB: Completed initialization of buffer pool
2022-01-05 11:11:31 0 [Note] InnoDB: Starting crash recovery from checkpoint LSN=300288
2022-01-05 11:11:31 0 [Note] InnoDB: 128 out of 128 rollback segments are active.
2022-01-05 11:11:31 0 [Note] InnoDB: Removed temporary tablespace data file: "ibtmp1"
2022-01-05 11:11:31 0 [Note] InnoDB: Creating shared tablespace for temporary tables
2022-01-05 11:11:31 0 [Note] InnoDB: Setting file 'C:\xampp\mysql\data\ibtmp1' size to 12 MB. Physically writing the file full; Please wait ...
2022-01-05 11:11:31 0 [Note] InnoDB: File 'C:\xampp\mysql\data\ibtmp1' size is now 12 MB.
2022-01-05 11:11:31 0 [Note] InnoDB: Waiting for purge to start
2022-01-05 11:11:31 0 [Note] InnoDB: 10.4.22 started; log sequence number 300297; transaction id 170
2022-01-05 11:11:31 0 [Note] InnoDB: Loading buffer pool(s) from C:\xampp\mysql\data\ib_buffer_pool
2022-01-05 11:11:31 0 [Note] Plugin 'FEEDBACK' is disabled.
2022-01-05 11:11:31 0 [Note] InnoDB: Buffer pool(s) load completed at 220105 11:11:31
2022-01-05 11:11:31 0 [Note] Server socket created on IP: '::'.
2022-01-05 11:12:33 0 [Note] InnoDB: Mutexes and rw_locks use Windows interlocked functions
2022-01-05 11:12:33 0 [Note] InnoDB: Uses event mutexes
2022-01-05 11:12:33 0 [Note] InnoDB: Compressed tables use zlib 1.2.11
2022-01-05 11:12:33 0 [Note] InnoDB: Number of pools: 1
2022-01-05 11:12:33 0 [Note] InnoDB: Using SSE2 crc32 instructions
2022-01-05 11:12:33 0 [Note] InnoDB: Initializing buffer pool, total size = 16M, instances = 1, chunk size = 16M
2022-01-05 11:12:33 0 [Note] InnoDB: Completed initialization of buffer pool
2022-01-05 11:12:33 0 [Note] InnoDB: Starting crash recovery from checkpoint LSN=300638
2022-01-05 11:12:34 0 [Note] InnoDB: 128 out of 128 rollback segments are active.
2022-01-05 11:12:34 0 [Note] InnoDB: Removed temporary tablespace data file: "ibtmp1"
2022-01-05 11:12:34 0 [Note] InnoDB: Creating shared tablespace for temporary tables
2022-01-05 11:12:34 0 [Note] InnoDB: Setting file 'C:\xampp\mysql\data\ibtmp1' size to 12 MB. Physically writing the file full; Please wait ...
2022-01-05 11:12:34 0 [Note] InnoDB: File 'C:\xampp\mysql\data\ibtmp1' size is now 12 MB.
2022-01-05 11:12:34 0 [Note] InnoDB: Waiting for purge to start
2022-01-05 11:12:34 0 [Note] InnoDB: 10.4.22 started; log sequence number 300647; transaction id 193
2022-01-05 11:12:34 0 [Note] InnoDB: Loading buffer pool(s) from C:\xampp\mysql\data\ib_buffer_pool
2022-01-05 11:12:34 0 [Note] Plugin 'FEEDBACK' is disabled.
2022-01-05 11:12:34 0 [Note] InnoDB: Buffer pool(s) load completed at 220105 11:12:34
2022-01-05 11:12:34 0 [Note] Server socket created on IP: '::'.
2022-01-06  9:08:18 0 [Note] mysqld.exe: Aria engine: starting recovery
recovered pages: 0% 14% 36% 53% 64% 100% (0.1 seconds); tables to flush: 2 1 0
 (0.0 seconds); 
2022-01-06  9:08:18 0 [Note] mysqld.exe: Aria engine: recovery done
2022-01-06  9:08:18 0 [Note] InnoDB: Mutexes and rw_locks use Windows interlocked functions
2022-01-06  9:08:18 0 [Note] InnoDB: Uses event mutexes
2022-01-06  9:08:18 0 [Note] InnoDB: Compressed tables use zlib 1.2.11
2022-01-06  9:08:18 0 [Note] InnoDB: Number of pools: 1
2022-01-06  9:08:18 0 [Note] InnoDB: Using SSE2 crc32 instructions
2022-01-06  9:08:18 0 [Note] InnoDB: Initializing buffer pool, total size = 16M, instances = 1, chunk size = 16M
2022-01-06  9:08:18 0 [Note] InnoDB: Completed initialization of buffer pool
2022-01-06  9:08:18 0 [Note] InnoDB: Starting crash recovery from checkpoint LSN=337199
2022-01-06  9:08:19 0 [Note] InnoDB: 128 out of 128 rollback segments are active.
2022-01-06  9:08:19 0 [Note] InnoDB: Removed temporary tablespace data file: "ibtmp1"
2022-01-06  9:08:19 0 [Note] InnoDB: Creating shared tablespace for temporary tables
2022-01-06  9:08:19 0 [Note] InnoDB: Setting file 'C:\xampp\mysql\data\ibtmp1' size to 12 MB. Physically writing the file full; Please wait ...
2022-01-06  9:08:19 0 [Note] InnoDB: File 'C:\xampp\mysql\data\ibtmp1' size is now 12 MB.
2022-01-06  9:08:19 0 [Note] InnoDB: Waiting for purge to start
2022-01-06  9:08:19 0 [Note] InnoDB: 10.4.22 started; log sequence number 337208; transaction id 315
2022-01-06  9:08:19 0 [Note] InnoDB: Loading buffer pool(s) from C:\xampp\mysql\data\ib_buffer_pool
2022-01-06  9:08:19 0 [Note] Plugin 'FEEDBACK' is disabled.
2022-01-06  9:08:19 0 [Note] InnoDB: Buffer pool(s) load completed at 220106  9:08:19
2022-01-06  9:08:19 0 [Note] Server socket created on IP: '::'.
2022-01-07  9:10:39 0 [Note] mysqld.exe: Aria engine: starting recovery
recovered pages: 0% 14% 57% 82% 95% 100% (0.1 seconds); tables to flush: 2 1 0
 (0.0 seconds); 
2022-01-07  9:10:39 0 [Note] mysqld.exe: Aria engine: recovery done
2022-01-07  9:10:39 0 [Note] InnoDB: Mutexes and rw_locks use Windows interlocked functions
2022-01-07  9:10:39 0 [Note] InnoDB: Uses event mutexes
2022-01-07  9:10:39 0 [Note] InnoDB: Compressed tables use zlib 1.2.11
2022-01-07  9:10:39 0 [Note] InnoDB: Number of pools: 1
2022-01-07  9:10:39 0 [Note] InnoDB: Using SSE2 crc32 instructions
2022-01-07  9:10:39 0 [Note] InnoDB: Initializing buffer pool, total size = 16M, instances = 1, chunk size = 16M
2022-01-07  9:10:39 0 [Note] InnoDB: Completed initialization of buffer pool
2022-01-07  9:10:39 0 [Note] InnoDB: Starting crash recovery from checkpoint LSN=351597
2022-01-07  9:10:39 0 [Note] InnoDB: 128 out of 128 rollback segments are active.
2022-01-07  9:10:39 0 [Note] InnoDB: Removed temporary tablespace data file: "ibtmp1"
2022-01-07  9:10:39 0 [Note] InnoDB: Creating shared tablespace for temporary tables
2022-01-07  9:10:39 0 [Note] InnoDB: Setting file 'C:\xampp\mysql\data\ibtmp1' size to 12 MB. Physically writing the file full; Please wait ...
2022-01-07  9:10:39 0 [Note] InnoDB: File 'C:\xampp\mysql\data\ibtmp1' size is now 12 MB.
2022-01-07  9:10:39 0 [Note] InnoDB: Waiting for purge to start
2022-01-07  9:10:39 0 [Note] InnoDB: 10.4.22 started; log sequence number 351606; transaction id 397
2022-01-07  9:10:39 0 [Note] InnoDB: Loading buffer pool(s) from C:\xampp\mysql\data\ib_buffer_pool
2022-01-07  9:10:39 0 [Note] Plugin 'FEEDBACK' is disabled.
2022-01-07  9:10:39 0 [Note] InnoDB: Buffer pool(s) load completed at 220107  9:10:39
2022-01-07  9:10:39 0 [Note] Server socket created on IP: '::'.
2022-01-10  9:14:15 0 [Note] InnoDB: Mutexes and rw_locks use Windows interlocked functions
2022-01-10  9:14:15 0 [Note] InnoDB: Uses event mutexes
2022-01-10  9:14:15 0 [Note] InnoDB: Compressed tables use zlib 1.2.11
2022-01-10  9:14:15 0 [Note] InnoDB: Number of pools: 1
2022-01-10  9:14:15 0 [Note] InnoDB: Using SSE2 crc32 instructions
2022-01-10  9:14:15 0 [Note] InnoDB: Initializing buffer pool, total size = 16M, instances = 1, chunk size = 16M
2022-01-10  9:14:15 0 [Note] InnoDB: Completed initialization of buffer pool
2022-01-10  9:14:16 0 [Note] InnoDB: Starting crash recovery from checkpoint LSN=352441
2022-01-10  9:14:16 0 [Note] InnoDB: 128 out of 128 rollback segments are active.
2022-01-10  9:14:16 0 [Note] InnoDB: Removed temporary tablespace data file: "ibtmp1"
2022-01-10  9:14:16 0 [Note] InnoDB: Creating shared tablespace for temporary tables
2022-01-10  9:14:16 0 [Note] InnoDB: Setting file 'C:\xampp\mysql\data\ibtmp1' size to 12 MB. Physically writing the file full; Please wait ...
2022-01-10  9:14:16 0 [Note] InnoDB: File 'C:\xampp\mysql\data\ibtmp1' size is now 12 MB.
2022-01-10  9:14:16 0 [Note] InnoDB: Waiting for purge to start
2022-01-10  9:14:17 0 [Note] InnoDB: 10.4.22 started; log sequence number 352450; transaction id 421
2022-01-10  9:14:17 0 [Note] InnoDB: Loading buffer pool(s) from C:\xampp\mysql\data\ib_buffer_pool
2022-01-10  9:14:17 0 [Note] Plugin 'FEEDBACK' is disabled.
2022-01-10  9:14:17 0 [Note] InnoDB: Buffer pool(s) load completed at 220110  9:14:17
2022-01-10  9:14:17 0 [Note] Server socket created on IP: '::'.
